02-Apr-2024 09:06:05.548 INFO [main] org.apache.catalina.startup.VersionLoggerListener.log Server version name:   Apache Tomcat/9.0.87
02-Apr-2024 09:06:05.562 INFO [main] org.apache.catalina.startup.VersionLoggerListener.log Server built:          Mar 11 2024 10:12:34 UTC
02-Apr-2024 09:06:05.562 INFO [main] org.apache.catalina.startup.VersionLoggerListener.log Server version number: 9.0.87.0
02-Apr-2024 09:06:05.562 INFO [main] org.apache.catalina.startup.VersionLoggerListener.log OS Name:               Windows 11
02-Apr-2024 09:06:05.562 INFO [main] org.apache.catalina.startup.VersionLoggerListener.log OS Version:            10.0
02-Apr-2024 09:06:05.562 INFO [main] org.apache.catalina.startup.VersionLoggerListener.log Architecture:          amd64
02-Apr-2024 09:06:05.562 INFO [main] org.apache.catalina.startup.VersionLoggerListener.log Java Home:             C:\Users\SWT\Desktop\jira\Jira\jre
02-Apr-2024 09:06:05.562 INFO [main] org.apache.catalina.startup.VersionLoggerListener.log JVM Version:           17.0.7+7
02-Apr-2024 09:06:05.562 INFO [main] org.apache.catalina.startup.VersionLoggerListener.log JVM Vendor:            Eclipse Adoptium
02-Apr-2024 09:06:05.562 INFO [main] org.apache.catalina.startup.VersionLoggerListener.log CATALINA_BASE:         C:\Users\SWT\Desktop\jira\Jira
02-Apr-2024 09:06:05.562 INFO [main] org.apache.catalina.startup.VersionLoggerListener.log CATALINA_HOME:         C:\Users\SWT\Desktop\jira\Jira
02-Apr-2024 09:06:05.618 INFO [main] org.apache.catalina.startup.VersionLoggerListener.log Command line argument: --add-opens=java.base/java.lang=ALL-UNNAMED
02-Apr-2024 09:06:05.618 INFO [main] org.apache.catalina.startup.VersionLoggerListener.log Command line argument: --add-opens=java.base/java.io=ALL-UNNAMED
02-Apr-2024 09:06:05.618 INFO [main] org.apache.catalina.startup.VersionLoggerListener.log Command line argument: --add-opens=java.base/java.util=ALL-UNNAMED
02-Apr-2024 09:06:05.618 INFO [main] org.apache.catalina.startup.VersionLoggerListener.log Command line argument: --add-opens=java.base/java.util.concurrent=ALL-UNNAMED
02-Apr-2024 09:06:05.618 INFO [main] org.apache.catalina.startup.VersionLoggerListener.log Command line argument: --add-opens=java.rmi/sun.rmi.transport=ALL-UNNAMED
02-Apr-2024 09:06:05.618 INFO [main] org.apache.catalina.startup.VersionLoggerListener.log Command line argument: -Djava.util.logging.config.file=C:\Users\SWT\Desktop\jira\Jira\conf\logging.properties
02-Apr-2024 09:06:05.618 INFO [main] org.apache.catalina.startup.VersionLoggerListener.log Command line argument: -Djava.util.logging.manager=org.apache.juli.ClassLoaderLogManager
02-Apr-2024 09:06:05.618 INFO [main] org.apache.catalina.startup.VersionLoggerListener.log Command line argument: --add-opens=java.base/java.lang=ALL-UNNAMED
02-Apr-2024 09:06:05.618 INFO [main] org.apache.catalina.startup.VersionLoggerListener.log Command line argument: --add-opens=java.base/java.lang.reflect=ALL-UNNAMED
02-Apr-2024 09:06:05.618 INFO [main] org.apache.catalina.startup.VersionLoggerListener.log Command line argument: --add-opens=java.base/java.util=ALL-UNNAMED
02-Apr-2024 09:06:05.618 INFO [main] org.apache.catalina.startup.VersionLoggerListener.log Command line argument: --add-opens=java.base/java.util.concurrent=ALL-UNNAMED
02-Apr-2024 09:06:05.618 INFO [main] org.apache.catalina.startup.VersionLoggerListener.log Command line argument: --add-opens=java.base/java.util.concurrent.atomic=ALL-UNNAMED
02-Apr-2024 09:06:05.618 INFO [main] org.apache.catalina.startup.VersionLoggerListener.log Command line argument: --add-opens=java.base/java.io=ALL-UNNAMED
02-Apr-2024 09:06:05.618 INFO [main] org.apache.catalina.startup.VersionLoggerListener.log Command line argument: --add-opens=java.base/java.nio.file=ALL-UNNAMED
02-Apr-2024 09:06:05.618 INFO [main] org.apache.catalina.startup.VersionLoggerListener.log Command line argument: --add-opens=java.base/javax.crypto=ALL-UNNAMED
02-Apr-2024 09:06:05.618 INFO [main] org.apache.catalina.startup.VersionLoggerListener.log Command line argument: --add-opens=java.management/javax.management=ALL-UNNAMED
02-Apr-2024 09:06:05.618 INFO [main] org.apache.catalina.startup.VersionLoggerListener.log Command line argument: --add-opens=java.desktop/sun.font=ALL-UNNAMED
02-Apr-2024 09:06:05.618 INFO [main] org.apache.catalina.startup.VersionLoggerListener.log Command line argument: --add-opens=java.base/sun.reflect.generics.parser=ALL-UNNAMED
02-Apr-2024 09:06:05.618 INFO [main] org.apache.catalina.startup.VersionLoggerListener.log Command line argument: --add-opens=java.base/java.time=ALL-UNNAMED
02-Apr-2024 09:06:05.618 INFO [main] org.apache.catalina.startup.VersionLoggerListener.log Command line argument: --add-opens=jdk.management/com.sun.management.internal=ALL-UNNAMED
02-Apr-2024 09:06:05.618 INFO [main] org.apache.catalina.startup.VersionLoggerListener.log Command line argument: --add-exports=java.base/sun.util.calendar=ALL-UNNAMED
02-Apr-2024 09:06:05.618 INFO [main] org.apache.catalina.startup.VersionLoggerListener.log Command line argument: --add-exports=java.base/sun.security.action=ALL-UNNAMED
02-Apr-2024 09:06:05.618 INFO [main] org.apache.catalina.startup.VersionLoggerListener.log Command line argument: --add-exports=java.xml/jdk.xml.internal=ALL-UNNAMED
02-Apr-2024 09:06:05.618 INFO [main] org.apache.catalina.startup.VersionLoggerListener.log Command line argument: -Xms384m
02-Apr-2024 09:06:05.618 INFO [main] org.apache.catalina.startup.VersionLoggerListener.log Command line argument: -Xmx2048m
02-Apr-2024 09:06:05.618 INFO [main] org.apache.catalina.startup.VersionLoggerListener.log Command line argument: -XX:InitialCodeCacheSize=32m
02-Apr-2024 09:06:05.618 INFO [main] org.apache.catalina.startup.VersionLoggerListener.log Command line argument: -XX:ReservedCodeCacheSize=512m
02-Apr-2024 09:06:05.618 INFO [main] org.apache.catalina.startup.VersionLoggerListener.log Command line argument: -Dlog4j2.contextSelector=org.apache.logging.log4j.core.selector.BasicContextSelector
02-Apr-2024 09:06:05.618 INFO [main] org.apache.catalina.startup.VersionLoggerListener.log Command line argument: -Dlog4j2.disableJmx=true
02-Apr-2024 09:06:05.618 INFO [main] org.apache.catalina.startup.VersionLoggerListener.log Command line argument: -Dlog4j2.garbagefree.threadContextMap=true
02-Apr-2024 09:06:05.618 INFO [main] org.apache.catalina.startup.VersionLoggerListener.log Command line argument: -Dlog4j2.isWebapp=false
02-Apr-2024 09:06:05.618 INFO [main] org.apache.catalina.startup.VersionLoggerListener.log Command line argument: -Djava.awt.headless=true
02-Apr-2024 09:06:05.633 INFO [main] org.apache.catalina.startup.VersionLoggerListener.log Command line argument: -Datlassian.standalone=JIRA
02-Apr-2024 09:06:05.633 INFO [main] org.apache.catalina.startup.VersionLoggerListener.log Command line argument: -Dorg.apache.jasper.runtime.BodyContentImpl.LIMIT_BUFFER=true
02-Apr-2024 09:06:05.633 INFO [main] org.apache.catalina.startup.VersionLoggerListener.log Command line argument: -Dmail.mime.decodeparameters=true
02-Apr-2024 09:06:05.633 INFO [main] org.apache.catalina.startup.VersionLoggerListener.log Command line argument: -Dorg.dom4j.factory=com.atlassian.core.xml.InterningDocumentFactory
02-Apr-2024 09:06:05.633 INFO [main] org.apache.catalina.startup.VersionLoggerListener.log Command line argument: -XX:-OmitStackTraceInFastThrow
02-Apr-2024 09:06:05.633 INFO [main] org.apache.catalina.startup.VersionLoggerListener.log Command line argument: -Djava.locale.providers=COMPAT
02-Apr-2024 09:06:05.633 INFO [main] org.apache.catalina.startup.VersionLoggerListener.log Command line argument: -Djdk.tls.ephemeralDHKeySize=2048
02-Apr-2024 09:06:05.633 INFO [main] org.apache.catalina.startup.VersionLoggerListener.log Command line argument: -Djava.protocol.handler.pkgs=org.apache.catalina.webresources
02-Apr-2024 09:06:05.633 INFO [main] org.apache.catalina.startup.VersionLoggerListener.log Command line argument: -Xlog:gc*:file="C:\Users\SWT\Desktop\jira\Jira\bin\..\logs\atlassian-jira-gc-%t.log":tags,time,uptime,level:filecount=5,filesize=20M
02-Apr-2024 09:06:05.633 INFO [main] org.apache.catalina.startup.VersionLoggerListener.log Command line argument: -XX:+ExplicitGCInvokesConcurrent
02-Apr-2024 09:06:05.633 INFO [main] org.apache.catalina.startup.VersionLoggerListener.log Command line argument: -Dignore.endorsed.dirs=
02-Apr-2024 09:06:05.633 INFO [main] org.apache.catalina.startup.VersionLoggerListener.log Command line argument: -Dcatalina.base=C:\Users\SWT\Desktop\jira\Jira
02-Apr-2024 09:06:05.633 INFO [main] org.apache.catalina.startup.VersionLoggerListener.log Command line argument: -Dcatalina.home=C:\Users\SWT\Desktop\jira\Jira
02-Apr-2024 09:06:05.633 INFO [main] org.apache.catalina.startup.VersionLoggerListener.log Command line argument: -Djava.io.tmpdir=C:\Users\SWT\Desktop\jira\Jira\temp
02-Apr-2024 09:06:05.633 INFO [main] org.apache.catalina.core.AprLifecycleListener.lifecycleEvent Loaded Apache Tomcat Native library [1.3.0] using APR version [1.7.4].
02-Apr-2024 09:06:05.633 INFO [main] org.apache.catalina.core.AprLifecycleListener.lifecycleEvent APR capabilities: IPv6 [true], sendfile [true], accept filters [false], random [true], UDS [true].
02-Apr-2024 09:06:05.633 INFO [main] org.apache.catalina.core.AprLifecycleListener.lifecycleEvent APR/OpenSSL configuration: useAprConnector [false], useOpenSSL [true]
02-Apr-2024 09:06:05.665 INFO [main] org.apache.catalina.core.AprLifecycleListener.initializeSSL OpenSSL successfully initialized [OpenSSL 3.0.13 30 Jan 2024]
02-Apr-2024 09:06:07.166 INFO [main] org.apache.coyote.AbstractProtocol.init Initializing ProtocolHandler ["http-nio-8080"]
02-Apr-2024 09:06:07.244 INFO [main] org.apache.catalina.startup.Catalina.load Server initialization in [2794] milliseconds
02-Apr-2024 09:06:07.328 INFO [main] org.apache.catalina.core.StandardService.startInternal Starting service [Catalina]
02-Apr-2024 09:06:07.331 INFO [main] org.apache.catalina.core.StandardEngine.startInternal Starting Servlet engine: [Apache Tomcat/9.0.87]
02-Apr-2024 09:07:18.276 INFO [main] org.apache.coyote.AbstractProtocol.start Starting ProtocolHandler ["http-nio-8080"]
02-Apr-2024 09:07:18.464 INFO [main] org.apache.catalina.startup.Catalina.start Server startup in [71213] milliseconds
